1543460360670	mozrunner::runner	INFO	Running command: "/Applications/Firefox.app/Contents/MacOS/firefox-bin" "-marionette" "-foreground" "-no-remote" "-profile" "/var/folders/zl/fst7sxr92r54t3s6gl0nt1640000gn/T/rust_mozprofile.Mpv6yE8gEgAe"
1543460363518	Marionette	INFO	Listening on port 50547
1543460363555	Marionette	WARN	TLS certificate errors will be ignored for this session
console.error: BroadcastService: 
  receivedBroadcastMessage: handler for
  remote-settings/monitor_changes
  threw error:
  Message: Error: Polling for changes failed: NetworkError when attempting to fetch resource..
  Stack:
    remoteSettingsFunction/remoteSettings.pollChanges@resource://services-settings/remote-settings.js:721:13


###!!! [Child][RunMessage] Error: Channel closing: too late to send/recv, messages will be lost

1543460444114	Marionette	INFO	Stopped listening on port 50547
1543460451690	mozrunner::runner	INFO	Running command: "/Applications/Firefox.app/Contents/MacOS/firefox-bin" "-marionette" "-foreground" "-no-remote" "-profile" "/var/folders/zl/fst7sxr92r54t3s6gl0nt1640000gn/T/rust_mozprofile.bhYFYJdWsRbB"
1543460454157	Marionette	INFO	Listening on port 50623
1543460454191	Marionette	WARN	TLS certificate errors will be ignored for this session
1543460489992	mozrunner::runner	INFO	Running command: "/Applications/Firefox.app/Contents/MacOS/firefox-bin" "-marionette" "-foreground" "-no-remote" "-profile" "/var/folders/zl/fst7sxr92r54t3s6gl0nt1640000gn/T/rust_mozprofile.tARbPW2nHwCP"
1543460492208	Marionette	INFO	Listening on port 50687
1543460492276	Marionette	WARN	TLS certificate errors will be ignored for this session
1543460513683	mozrunner::runner	INFO	Running command: "/Applications/Firefox.app/Contents/MacOS/firefox-bin" "-marionette" "-foreground" "-no-remote" "-profile" "/var/folders/zl/fst7sxr92r54t3s6gl0nt1640000gn/T/rust_mozprofile.y3DZttDcXhWZ"
1543460516006	Marionette	INFO	Listening on port 50747
1543460516057	Marionette	WARN	TLS certificate errors will be ignored for this session
console.error: BroadcastService: 
console.error: BroadcastService: 
  receivedBroadcastMessage: handler for
  remote-settings/monitor_changes
  threw error:
  Message: Error: Polling for changes failed: NetworkError when attempting to fetch resource..
  Stack:
    remoteSettingsFunction/remoteSettings.pollChanges@resource://services-settings/remote-settings.js:721:13

  receivedBroadcastMessage: handler for
  remote-settings/monitor_changes
  threw error:
  Message: Error: Polling for changes failed: NetworkError when attempting to fetch resource..
  Stack:
    remoteSettingsFunction/remoteSettings.pollChanges@resource://services-settings/remote-settings.js:721:13

console.error: BroadcastService: 
  receivedBroadcastMessage: handler for
  remote-settings/monitor_changes
  threw error:
  Message: Error: Polling for changes failed: NetworkError when attempting to fetch resource..
  Stack:
    remoteSettingsFunction/remoteSettings.pollChanges@resource://services-settings/remote-settings.js:721:13

1543461254157	Marionette	INFO	Stopped listening on port 50623
1543461256137	Marionette	INFO	Stopped listening on port 50687
1543461274052	mozrunner::runner	INFO	Running command: "/Applications/Firefox.app/Contents/MacOS/firefox-bin" "-marionette" "-foreground" "-no-remote" "-profile" "/var/folders/zl/fst7sxr92r54t3s6gl0nt1640000gn/T/rust_mozprofile.5TzFcYs2CuXI"
1543461276429	Marionette	INFO	Listening on port 50849
1543461276528	Marionette	WARN	TLS certificate errors will be ignored for this session
1543461279486	Marionette	INFO	Stopped listening on port 50849
JavaScript error: https://ss1.bdstatic.com/5eN1bjq8AAUYm2zgoY3K/r/www/cache/static/protocol/https/plugins/every_cookie_mac_82990d4.js, line 4: ReferenceError: c is not defined
console.error: "TypeError: this.onSelected is not a function: onDetachedFront@resource://devtools/shared/base-loader.js -> resource://devtools/client/inspector/computed/computed.js:1461:5\nemit@resource://devtools/shared/base-loader.js -> resource://devtools/shared/event-emitter.js:178:15\nemit@resource://devtools/shared/base-loader.js -> resource://devtools/shared/event-emitter.js:255:5\n_onMutations@resource://devtools/shared/base-loader.js -> resource://devtools/client/framework/selection.js:105:7\nemit@resource://devtools/shared/base-loader.js -> resource://devtools/shared/event-emitter.js:178:15\nemit@resource://devtools/shared/base-loader.js -> resource://devtools/shared/event-emitter.js:255:5\nWalkerFront<.getMutations</<@resource://devtools/shared/base-loader.js -> resource://devtools/shared/fronts/inspector.js:414:7\n"
TypeError: this.onSelected is not a function: onDetachedFront@resource://devtools/shared/base-loader.js -> resource://devtools/client/inspector/computed/computed.js:1461:5
emit@resource://devtools/shared/base-loader.js -> resource://devtools/shared/event-emitter.js:178:15
emit@resource://devtools/shared/base-loader.js -> resource://devtools/shared/event-emitter.js:255:5
_onMutations@resource://devtools/shared/base-loader.js -> resource://devtools/client/framework/selection.js:105:7
emit@resource://devtools/shared/base-loader.js -> resource://devtools/shared/event-emitter.js:178:15
emit@resource://devtools/shared/base-loader.js -> resource://devtools/shared/event-emitter.js:255:5
WalkerFront<.getMutations</<@resource://devtools/shared/base-loader.js -> resource://devtools/shared/fronts/inspector.js:414:7

console.error: "TypeError: parent is null: canMutationImpactCurrentStyles@resource://devtools/shared/base-loader.js -> resource://devtools/client/inspector/shared/style-change-tracker.js:65:13\nonMutations@resource://devtools/shared/base-loader.js -> resource://devtools/client/inspector/shared/style-change-tracker.js:82:11\nemit@resource://devtools/shared/base-loader.js -> resource://devtools/shared/event-emitter.js:178:15\nemit@resource://devtools/shared/base-loader.js -> resource://devtools/shared/event-emitter.js:255:5\nWalkerFront<.getMutations</<@resource://devtools/shared/base-loader.js -> resource://devtools/shared/fronts/inspector.js:414:7\n"
TypeError: parent is null: canMutationImpactCurrentStyles@resource://devtools/shared/base-loader.js -> resource://devtools/client/inspector/shared/style-change-tracker.js:65:13
onMutations@resource://devtools/shared/base-loader.js -> resource://devtools/client/inspector/shared/style-change-tracker.js:82:11
emit@resource://devtools/shared/base-loader.js -> resource://devtools/shared/event-emitter.js:178:15
emit@resource://devtools/shared/base-loader.js -> resource://devtools/shared/event-emitter.js:255:5
WalkerFront<.getMutations</<@resource://devtools/shared/base-loader.js -> resource://devtools/shared/fronts/inspector.js:414:7

Handler function LocalDebuggerTransport instance's this.other.hooks.onPacket threw an exception: TypeError: to is null
Stack: onPacket@resource://devtools/shared/base-loader.js -> resource://devtools/server/main.js:1695:11
send/<@resource://devtools/shared/base-loader.js -> resource://devtools/shared/transport/local-transport.js:64:11
exports.makeInfallible/<@resource://devtools/shared/base-loader.js -> resource://devtools/shared/ThreadSafeDevToolsUtils.js:109:14
exports.makeInfallible/<@resource://devtools/shared/base-loader.js -> resource://devtools/shared/ThreadSafeDevToolsUtils.js:109:14
Line: 1695, column: 11
console.error: "Handler function LocalDebuggerTransport instance's this.other.hooks.onPacket threw an exception: TypeError: to is null\nStack: onPacket@resource://devtools/shared/base-loader.js -> resource://devtools/server/main.js:1695:11\nsend/<@resource://devtools/shared/base-loader.js -> resource://devtools/shared/transport/local-transport.js:64:11\nexports.makeInfallible/<@resource://devtools/shared/base-loader.js -> resource://devtools/shared/ThreadSafeDevToolsUtils.js:109:14\nexports.makeInfallible/<@resource://devtools/shared/base-loader.js -> resource://devtools/shared/ThreadSafeDevToolsUtils.js:109:14\nLine: 1695, column: 11"
console.error: "TypeError: this.onSelected is not a function: onDetachedFront@resource://devtools/shared/base-loader.js -> resource://devtools/client/inspector/computed/computed.js:1461:5\nemit@resource://devtools/shared/base-loader.js -> resource://devtools/shared/event-emitter.js:178:15\nemit@resource://devtools/shared/base-loader.js -> resource://devtools/shared/event-emitter.js:255:5\n_onMutations@resource://devtools/shared/base-loader.js -> resource://devtools/client/framework/selection.js:105:7\nemit@resource://devtools/shared/base-loader.js -> resource://devtools/shared/event-emitter.js:178:15\nemit@resource://devtools/shared/base-loader.js -> resource://devtools/shared/event-emitter.js:255:5\nWalkerFront<.getMutations</<@resource://devtools/shared/base-loader.js -> resource://devtools/shared/fronts/inspector.js:414:7\n"
TypeError: this.onSelected is not a function: onDetachedFront@resource://devtools/shared/base-loader.js -> resource://devtools/client/inspector/computed/computed.js:1461:5
emit@resource://devtools/shared/base-loader.js -> resource://devtools/shared/event-emitter.js:178:15
emit@resource://devtools/shared/base-loader.js -> resource://devtools/shared/event-emitter.js:255:5
_onMutations@resource://devtools/shared/base-loader.js -> resource://devtools/client/framework/selection.js:105:7
emit@resource://devtools/shared/base-loader.js -> resource://devtools/shared/event-emitter.js:178:15
emit@resource://devtools/shared/base-loader.js -> resource://devtools/shared/event-emitter.js:255:5
WalkerFront<.getMutations</<@resource://devtools/shared/base-loader.js -> resource://devtools/shared/fronts/inspector.js:414:7

JavaScript error: resource://devtools/shared/base-loader.js -> resource://devtools/server/actors/highlighters/auto-refresh.js, line 202: TypeError: this.win is null
JavaScript error: resource://devtools/shared/base-loader.js -> resource://devtools/server/actors/highlighters/auto-refresh.js, line 202: TypeError: this.win is null
1543470920181	mozrunner::runner	INFO	Running command: "/Applications/Firefox.app/Contents/MacOS/firefox-bin" "-marionette" "-foreground" "-no-remote" "-profile" "/var/folders/zl/fst7sxr92r54t3s6gl0nt1640000gn/T/rust_mozprofile.EyElH4BXsKRF"
1543470923279	Marionette	INFO	Listening on port 51794
1543470923419	Marionette	WARN	TLS certificate errors will be ignored for this session
1543471084770	mozrunner::runner	INFO	Running command: "/Applications/Firefox.app/Contents/MacOS/firefox-bin" "-marionette" "-foreground" "-no-remote" "-profile" "/var/folders/zl/fst7sxr92r54t3s6gl0nt1640000gn/T/rust_mozprofile.De1ViDzIhdeY"
1543471087269	Marionette	INFO	Listening on port 51932
1543471087344	Marionette	WARN	TLS certificate errors will be ignored for this session
1543471090114	Marionette	INFO	Stopped listening on port 51932
JavaScript error: resource://activity-stream/lib/TopSitesFeed.jsm, line 86: TypeError: setting getter-only property "_currentSearchHostname"
JavaScript error: resource://gre/modules/Sqlite.jsm, line 841: Error: Connection is not open.

###!!! [Child][RunMessage] Error: Channel closing: too late to send/recv, messages will be lost

1543471223598	Marionette	INFO	Stopped listening on port 51794
1543471225519	Marionette	INFO	Stopped listening on port 50747
1543479096279	mozrunner::runner	INFO	Running command: "/Applications/Firefox.app/Contents/MacOS/firefox-bin" "-marionette" "-foreground" "-no-remote" "-profile" "/var/folders/zl/fst7sxr92r54t3s6gl0nt1640000gn/T/rust_mozprofile.OaTyghCFbznO"
1543479098771	Marionette	INFO	Listening on port 52845
1543479098874	Marionette	WARN	TLS certificate errors will be ignored for this session
1543479142018	mozrunner::runner	INFO	Running command: "/Applications/Firefox.app/Contents/MacOS/firefox-bin" "-marionette" "-foreground" "-no-remote" "-profile" "/var/folders/zl/fst7sxr92r54t3s6gl0nt1640000gn/T/rust_mozprofile.YIaJPoE4T207"
1543479144425	Marionette	INFO	Listening on port 52916
1543479144507	Marionette	WARN	TLS certificate errors will be ignored for this session
1543479146213	Marionette	INFO	Stopped listening on port 52916
JavaScript error: resource://activity-stream/lib/TopSitesFeed.jsm, line 86: TypeError: setting getter-only property "_currentSearchHostname"
[Child 3798, Chrome_ChildThread] WARNING: pipe error: Broken pipe: file /builds/worker/workspace/build/src/ipc/chromium/src/chrome/common/ipc_channel_posix.cc, line 729
[Child 3798, Chrome_ChildThread] WARNING: pipe error: Broken pipe: file /builds/worker/workspace/build/src/ipc/chromium/src/chrome/common/ipc_channel_posix.cc, line 729
JavaScript error: resource://gre/modules/Sqlite.jsm, line 841: Error: Connection is not open.
JavaScript error: resource://gre/modules/IndexedDB.jsm, line 349: UnknownError: The operation failed for reasons unrelated to the database itself and not covered by any other error code.
1543479223167	mozrunner::runner	INFO	Running command: "/Applications/Firefox.app/Contents/MacOS/firefox-bin" "-marionette" "-foreground" "-no-remote" "-profile" "/var/folders/zl/fst7sxr92r54t3s6gl0nt1640000gn/T/rust_mozprofile.M5yw0hNSa1xU"
1543479225448	Marionette	INFO	Listening on port 53027
1543479225537	Marionette	WARN	TLS certificate errors will be ignored for this session
1543479227199	Marionette	INFO	Stopped listening on port 53027
JavaScript error: resource://activity-stream/lib/TopSitesFeed.jsm, line 86: TypeError: setting getter-only property "_currentSearchHostname"

###!!! [Child][RunMessage] Error: Channel closing: too late to send/recv, messages will be lost

JavaScript error: resource://gre/modules/Sqlite.jsm, line 841: Error: Connection is not open.
JavaScript error: resource://gre/modules/IndexedDB.jsm, line 349: UnknownError: The operation failed for reasons unrelated to the database itself and not covered by any other error code.
console.error: BroadcastService: 
  receivedBroadcastMessage: handler for
  remote-settings/monitor_changes
  threw error:
  Message: Error: Polling for changes failed: NetworkError when attempting to fetch resource..
  Stack:
    remoteSettingsFunction/remoteSettings.pollChanges@resource://services-settings/remote-settings.js:721:13

1543480176363	mozrunner::runner	INFO	Running command: "/Applications/Firefox.app/Contents/MacOS/firefox-bin" "-marionette" "-foreground" "-no-remote" "-profile" "/var/folders/zl/fst7sxr92r54t3s6gl0nt1640000gn/T/rust_mozprofile.g7OXnw1SqBln"
1543480178868	Marionette	INFO	Listening on port 53249
1543480178950	Marionette	WARN	TLS certificate errors will be ignored for this session
1543480273527	mozrunner::runner	INFO	Running command: "/Applications/Firefox.app/Contents/MacOS/firefox-bin" "-marionette" "-foreground" "-no-remote" "-profile" "/var/folders/zl/fst7sxr92r54t3s6gl0nt1640000gn/T/rust_mozprofile.XSntxhXJSI9i"
1543480276097	Marionette	INFO	Listening on port 53319
1543480276118	Marionette	WARN	TLS certificate errors will be ignored for this session
1543480320851	mozrunner::runner	INFO	Running command: "/Applications/Firefox.app/Contents/MacOS/firefox-bin" "-marionette" "-foreground" "-no-remote" "-profile" "/var/folders/zl/fst7sxr92r54t3s6gl0nt1640000gn/T/rust_mozprofile.JEfCUMfCBL9S"
1543480323458	Marionette	INFO	Listening on port 53388
1543480323545	Marionette	WARN	TLS certificate errors will be ignored for this session
1543480325248	Marionette	INFO	Stopped listening on port 53388
JavaScript error: resource://activity-stream/lib/TopSitesFeed.jsm, line 86: TypeError: setting getter-only property "_currentSearchHostname"
JavaScript error: resource://gre/modules/Sqlite.jsm, line 841: Error: Connection is not open.
JavaScript error: resource://gre/modules/IndexedDB.jsm, line 349: UnknownError: The operation failed for reasons unrelated to the database itself and not covered by any other error code.

###!!! [Child][RunMessage] Error: Channel closing: too late to send/recv, messages will be lost

1543480333949	Marionette	INFO	Stopped listening on port 53249
console.error: "Tried to send a 'tabDetached' event on an already destroyed actor 'frameTarget'"
1543480335416	Marionette	INFO	Stopped listening on port 52845
1543480336582	Marionette	INFO	Stopped listening on port 53319
1543480338945	mozrunner::runner	INFO	Running command: "/Applications/Firefox.app/Contents/MacOS/firefox-bin" "-marionette" "-foreground" "-no-remote" "-profile" "/var/folders/zl/fst7sxr92r54t3s6gl0nt1640000gn/T/rust_mozprofile.r0CLN2orG8wz"
1543480341282	Marionette	INFO	Listening on port 53457
1543480341349	Marionette	WARN	TLS certificate errors will be ignored for this session
JavaScript error: chrome://browser/content/urlbarBindings.xml, line 2709: NS_ERROR_FAILURE: Component returned failure code: 0x80004005 (NS_ERROR_FAILURE) [nsIAutoCompleteController.getStyleAt]
console.error: BroadcastService: 
  receivedBroadcastMessage: handler for
  remote-settings/monitor_changes
  threw error:
  Message: Error: Polling for changes failed: NetworkError when attempting to fetch resource..
  Stack:
    remoteSettingsFunction/remoteSettings.pollChanges@resource://services-settings/remote-settings.js:721:13

1543481344592	mozrunner::runner	INFO	Running command: "/Applications/Firefox.app/Contents/MacOS/firefox-bin" "-marionette" "-foreground" "-no-remote" "-profile" "/var/folders/zl/fst7sxr92r54t3s6gl0nt1640000gn/T/rust_mozprofile.eNrQbq0nZrYf"
1543481346987	Marionette	INFO	Listening on port 53776
1543481347066	Marionette	WARN	TLS certificate errors will be ignored for this session
1543481401011	Marionette	INFO	Stopped listening on port 53457
1543481705704	mozrunner::runner	INFO	Running command: "/Applications/Firefox.app/Contents/MacOS/firefox-bin" "-marionette" "-foreground" "-no-remote" "-profile" "/var/folders/zl/fst7sxr92r54t3s6gl0nt1640000gn/T/rust_mozprofile.oGLym3DMiAgk"
1543481707996	Marionette	INFO	Listening on port 53903
1543481708081	Marionette	WARN	TLS certificate errors will be ignored for this session
1543481728829	mozrunner::runner	INFO	Running command: "/Applications/Firefox.app/Contents/MacOS/firefox-bin" "-marionette" "-foreground" "-no-remote" "-profile" "/var/folders/zl/fst7sxr92r54t3s6gl0nt1640000gn/T/rust_mozprofile.czVudKd0NSvt"
1543481731053	Marionette	INFO	Listening on port 53966
1543481731120	Marionette	WARN	TLS certificate errors will be ignored for this session
1543481852721	Marionette	INFO	Stopped listening on port 53776
1543481854490	Marionette	INFO	Stopped listening on port 53903

###!!! [Child][RunMessage] Error: Channel closing: too late to send/recv, messages will be lost

1543481856312	Marionette	INFO	Stopped listening on port 53966
1543484187295	mozrunner::runner	INFO	Running command: "/Applications/Firefox.app/Contents/MacOS/firefox-bin" "-marionette" "-foreground" "-no-remote" "-profile" "/var/folders/zl/fst7sxr92r54t3s6gl0nt1640000gn/T/rust_mozprofile.kqD8jBWzngJO"
1543484189569	Marionette	INFO	Listening on port 54387
1543484189609	Marionette	WARN	TLS certificate errors will be ignored for this session
1543484192137	Marionette	INFO	Stopped listening on port 54387
[Child 4753, Chrome_ChildThread] WARNING: pipe error: Broken pipe: file /builds/worker/workspace/build/src/ipc/chromium/src/chrome/common/ipc_channel_posix.cc, line 729
[Child 4753, Chrome_ChildThread] WARNING: pipe error: Broken pipe: file /builds/worker/workspace/build/src/ipc/chromium/src/chrome/common/ipc_channel_posix.cc, line 729
1543484512821	mozrunner::runner	INFO	Running command: "/Applications/Firefox.app/Contents/MacOS/firefox-bin" "-marionette" "-foreground" "-no-remote" "-profile" "/var/folders/zl/fst7sxr92r54t3s6gl0nt1640000gn/T/rust_mozprofile.3cYr6NyKSKRb"
1543484515512	Marionette	INFO	Listening on port 54686
1543484515613	Marionette	WARN	TLS certificate errors will be ignored for this session
1543484517883	Marionette	INFO	Stopped listening on port 54686
1543484559973	mozrunner::runner	INFO	Running command: "/Applications/Firefox.app/Contents/MacOS/firefox-bin" "-marionette" "-foreground" "-no-remote" "-profile" "/var/folders/zl/fst7sxr92r54t3s6gl0nt1640000gn/T/rust_mozprofile.8yxuUbFoQQhi"
1543484562542	Marionette	INFO	Listening on port 54805
1543484562556	Marionette	WARN	TLS certificate errors will be ignored for this session
1543484572758	Marionette	INFO	Stopped listening on port 54805
1543484578231	mozrunner::runner	INFO	Running command: "/Applications/Firefox.app/Contents/MacOS/firefox-bin" "-marionette" "-foreground" "-no-remote" "-profile" "/var/folders/zl/fst7sxr92r54t3s6gl0nt1640000gn/T/rust_mozprofile.5H3ZP9Wecdhr"
1543484580529	Marionette	INFO	Listening on port 54878
1543484580602	Marionette	WARN	TLS certificate errors will be ignored for this session
1543484582954	Marionette	INFO	Stopped listening on port 54878
1543484752744	mozrunner::runner	INFO	Running command: "/Applications/Firefox.app/Contents/MacOS/firefox-bin" "-marionette" "-foreground" "-no-remote" "-profile" "/var/folders/zl/fst7sxr92r54t3s6gl0nt1640000gn/T/rust_mozprofile.YvIBtmEYTsgF"
1543484755158	Marionette	INFO	Listening on port 54991
1543484755207	Marionette	WARN	TLS certificate errors will be ignored for this session
1543484757637	Marionette	INFO	Stopped listening on port 54991
1543484844433	mozrunner::runner	INFO	Running command: "/Applications/Firefox.app/Contents/MacOS/firefox-bin" "-marionette" "-foreground" "-no-remote" "-profile" "/var/folders/zl/fst7sxr92r54t3s6gl0nt1640000gn/T/rust_mozprofile.Ps31vCS4iQYE"
1543484846837	Marionette	INFO	Listening on port 55104
1543484846935	Marionette	WARN	TLS certificate errors will be ignored for this session
1543484849624	Marionette	INFO	Stopped listening on port 55104
1543484859789	mozrunner::runner	INFO	Running command: "/Applications/Firefox.app/Contents/MacOS/firefox-bin" "-marionette" "-foreground" "-no-remote" "-profile" "/var/folders/zl/fst7sxr92r54t3s6gl0nt1640000gn/T/rust_mozprofile.OeyiHWE5NGny"
1543484862045	Marionette	INFO	Listening on port 55170
1543484862092	Marionette	WARN	TLS certificate errors will be ignored for this session
1543484865731	Marionette	INFO	Stopped listening on port 55170
1543485025531	mozrunner::runner	INFO	Running command: "/Applications/Firefox.app/Contents/MacOS/firefox-bin" "-marionette" "-foreground" "-no-remote" "-profile" "/var/folders/zl/fst7sxr92r54t3s6gl0nt1640000gn/T/rust_mozprofile.yUFuEsaDieAG"
1543485028310	Marionette	INFO	Listening on port 55288
1543485028339	Marionette	WARN	TLS certificate errors will be ignored for this session
1543485031516	Marionette	INFO	Stopped listening on port 55288
1543485189409	mozrunner::runner	INFO	Running command: "/Applications/Firefox.app/Contents/MacOS/firefox-bin" "-marionette" "-foreground" "-no-remote" "-profile" "/var/folders/zl/fst7sxr92r54t3s6gl0nt1640000gn/T/rust_mozprofile.1bcGpt4OvN5j"
1543485191729	Marionette	INFO	Listening on port 55399
1543485191791	Marionette	WARN	TLS certificate errors will be ignored for this session

###!!! [Child][RunMessage] Error: Channel closing: too late to send/recv, messages will be lost

1543485218832	Marionette	INFO	Stopped listening on port 55399
