2018-12-07 17:45:59,510 - BrowserEngine - INFO - You had select Chrome browser.
2018-12-07 17:45:59,510 - BrowserEngine - INFO - The test server url is: https://www.baidu.com
2018-12-07 17:46:01,726 - BrowserEngine - INFO - Starting Chrome browser.
2018-12-07 17:46:02,581 - BrowserEngine - INFO - Open url: https://www.baidu.com
2018-12-07 17:46:02,583 - BrowserEngine - INFO - Set implicitly wait 10 seconds.
2018-12-07 17:46:02,619 - base_page - INFO - Had find the element '  ' successful by id via value: kw 
2018-12-07 17:46:02,839 - base_page - INFO - Had type ' selenium ' in inputBox
2018-12-07 17:46:02,876 - base_page - INFO - Had find the element '  ' successful by xpath via value: //*[@id='su'] 
2018-12-07 17:46:02,995 - base_page - INFO - The element '  ' was clicked.
2018-12-07 17:46:05,331 - base_page - INFO - 保存了一张截图到screenshots
2018-12-07 17:46:05,337 - base_page - INFO - Current page title is selenium_百度搜索
2018-12-07 17:46:05,357 - base_page - INFO - Had find the element '  ' successful by id via value: kw 
2018-12-07 17:46:05,516 - base_page - INFO - Had type ' python ' in inputBox
2018-12-07 17:46:05,539 - base_page - INFO - Had find the element '  ' successful by xpath via value: //*[@id='su'] 
2018-12-07 17:46:05,653 - base_page - INFO - The element '  ' was clicked.
2018-12-07 17:46:07,961 - base_page - INFO - 保存了一张截图到screenshots
2018-12-07 17:46:07,961 - BrowserEngine - INFO - Now, Close and quit the browser.
2018-12-07 17:46:08,087 - BrowserEngine - INFO - browser.quit
2018-12-07 17:46:08,088 - BrowserEngine - INFO - You had select Chrome browser.
2018-12-07 17:46:08,088 - BrowserEngine - INFO - The test server url is: https://www.baidu.com
2018-12-07 17:46:10,385 - BrowserEngine - INFO - Starting Chrome browser.
2018-12-07 17:46:11,153 - BrowserEngine - INFO - Open url: https://www.baidu.com
2018-12-07 17:46:11,155 - BrowserEngine - INFO - Set implicitly wait 10 seconds.
2018-12-07 17:46:11,161 - base_page - INFO - Current page title is 百度一下，你就知道
2018-12-07 17:46:11,170 - base_page - INFO - Current page title is 百度一下，你就知道
2018-12-07 17:46:11,175 - BrowserEngine - INFO - Now, Close and quit the browser.
2018-12-07 17:46:11,269 - BrowserEngine - INFO - browser.quit
