2018-12-08 13:31:03,201 - BrowserEngine - INFO - You had select Chrome browser.
2018-12-08 13:31:03,202 - BrowserEngine - INFO - The test server url is: https://www.baidu.com
2018-12-08 13:31:05,522 - BrowserEngine - INFO - Starting Chrome browser.
2018-12-08 13:31:06,736 - BrowserEngine - INFO - Open url: https://www.baidu.com
2018-12-08 13:31:06,739 - BrowserEngine - INFO - Set implicitly wait 10 seconds.
2018-12-08 13:31:06,776 - base_page - INFO - Had find the element ' 新闻 ' successful by xpath via value: /html/body/div[1]/div[1]/div/div[3]/a[1] 
2018-12-08 13:31:08,706 - BrowserEngine - INFO - Now, Close and quit the browser.
2018-12-08 13:31:08,803 - BrowserEngine - INFO - browser.quit
2018-12-08 13:31:08,804 - BrowserEngine - INFO - You had select Chrome browser.
2018-12-08 13:31:08,804 - BrowserEngine - INFO - The test server url is: https://www.baidu.com
2018-12-08 13:31:11,030 - BrowserEngine - INFO - Starting Chrome browser.
2018-12-08 13:31:11,755 - BrowserEngine - INFO - Open url: https://www.baidu.com
2018-12-08 13:31:11,759 - BrowserEngine - INFO - Set implicitly wait 10 seconds.
2018-12-08 13:31:11,766 - base_page - INFO - Current page title is 百度一下，你就知道
2018-12-08 13:31:11,776 - base_page - INFO - Current page title is 百度一下，你就知道
2018-12-08 13:31:11,782 - BrowserEngine - INFO - Now, Close and quit the browser.
2018-12-08 13:31:11,871 - BrowserEngine - INFO - browser.quit
2018-12-08 13:31:11,872 - BrowserEngine - INFO - You had select Chrome browser.
2018-12-08 13:31:11,872 - BrowserEngine - INFO - The test server url is: https://www.baidu.com
2018-12-08 13:31:14,035 - BrowserEngine - INFO - Starting Chrome browser.
2018-12-08 13:31:15,078 - BrowserEngine - INFO - Open url: https://www.baidu.com
2018-12-08 13:31:15,081 - BrowserEngine - INFO - Set implicitly wait 10 seconds.
2018-12-08 13:31:15,115 - base_page - INFO - Had find the element '  ' successful by id via value: kw 
2018-12-08 13:31:15,324 - base_page - INFO - Had type ' selenium ' in inputBox
2018-12-08 13:31:15,362 - base_page - INFO - Had find the element '  ' successful by xpath via value: //*[@id='su'] 
2018-12-08 13:31:15,465 - base_page - INFO - The element '  ' was clicked.
2018-12-08 13:31:17,792 - base_page - INFO - 保存了一张截图到screenshots
2018-12-08 13:31:17,797 - base_page - INFO - Current page title is selenium_百度搜索
2018-12-08 13:31:17,820 - base_page - INFO - Had find the element '  ' successful by id via value: kw 
2018-12-08 13:31:17,955 - base_page - INFO - Had type ' python ' in inputBox
2018-12-08 13:31:17,975 - base_page - INFO - Had find the element '  ' successful by xpath via value: //*[@id='su'] 
2018-12-08 13:31:18,056 - base_page - INFO - The element '  ' was clicked.
2018-12-08 13:31:20,351 - base_page - INFO - 保存了一张截图到screenshots
2018-12-08 13:31:20,351 - BrowserEngine - INFO - Now, Close and quit the browser.
2018-12-08 13:31:20,446 - BrowserEngine - INFO - browser.quit
2018-12-08 13:31:20,447 - BrowserEngine - INFO - You had select Chrome browser.
2018-12-08 13:31:20,447 - BrowserEngine - INFO - The test server url is: https://www.baidu.com
2018-12-08 13:31:22,647 - BrowserEngine - INFO - Starting Chrome browser.
2018-12-08 13:31:23,597 - BrowserEngine - INFO - Open url: https://www.baidu.com
2018-12-08 13:31:23,599 - BrowserEngine - INFO - Set implicitly wait 10 seconds.
2018-12-08 13:31:23,608 - base_page - INFO - Current page title is 百度一下，你就知道
2018-12-08 13:31:23,616 - base_page - INFO - Current page title is 百度一下，你就知道
2018-12-08 13:31:23,621 - BrowserEngine - INFO - Now, Close and quit the browser.
2018-12-08 13:31:23,715 - BrowserEngine - INFO - browser.quit
