2018-12-06 14:15:08,811 - BrowserEngine - INFO - You had select Chrome browser.
2018-12-06 14:15:08,812 - BrowserEngine - INFO - The test server url is: https://www.baidu.com
2018-12-06 14:15:11,171 - BrowserEngine - INFO - Starting Chrome browser.
2018-12-06 14:15:12,023 - BrowserEngine - INFO - Open url: https://www.baidu.com
2018-12-06 14:15:12,026 - BrowserEngine - INFO - Set implicitly wait 10 seconds.
2018-12-06 14:15:12,074 - base_page - INFO - Had find the element '  ' successful by id via value: kw 
2018-12-06 14:15:12,297 - base_page - INFO - Had type ' selenium ' in inputBox
2018-12-06 14:15:12,338 - base_page - INFO - Had find the element '  ' successful by xpath via value: //*[@id='su'] 
2018-12-06 14:15:12,474 - base_page - INFO - The element '  ' was clicked.
2018-12-06 14:15:14,815 - base_page - INFO - 保存了一张截图到screenshots
2018-12-06 14:15:14,821 - base_page - INFO - Current page title is selenium_百度搜索
2018-12-06 14:15:14,825 - BrowserEngine - INFO - Now, Close and quit the browser.
2018-12-06 14:15:14,940 - BrowserEngine - INFO - browser.quit
2018-12-06 14:15:49,358 - BrowserEngine - INFO - You had select Chrome browser.
2018-12-06 14:15:49,358 - BrowserEngine - INFO - The test server url is: https://www.baidu.com
2018-12-06 14:15:51,732 - BrowserEngine - INFO - Starting Chrome browser.
2018-12-06 14:15:52,286 - BrowserEngine - INFO - Open url: https://www.baidu.com
2018-12-06 14:15:52,288 - BrowserEngine - INFO - Set implicitly wait 10 seconds.
2018-12-06 14:15:52,326 - base_page - INFO - Had find the element '  ' successful by id via value: kw 
2018-12-06 14:15:52,583 - base_page - INFO - Had type ' selenium ' in inputBox
2018-12-06 14:15:52,644 - base_page - INFO - Had find the element '  ' successful by xpath via value: //*[@id='su'] 
2018-12-06 14:15:52,772 - base_page - INFO - The element '  ' was clicked.
2018-12-06 14:15:55,126 - base_page - INFO - 保存了一张截图到screenshots
2018-12-06 14:15:55,132 - base_page - INFO - Current page title is selenium_百度搜索
2018-12-06 14:15:55,137 - BrowserEngine - INFO - Now, Close and quit the browser.
2018-12-06 14:15:55,252 - BrowserEngine - INFO - browser.quit
