2018-12-07 10:42:38,264 - BrowserEngine - INFO - You had select Chrome browser.
2018-12-07 10:42:38,265 - BrowserEngine - INFO - The test server url is: https://www.baidu.com
2018-12-07 10:42:42,097 - BrowserEngine - INFO - Starting Chrome browser.
2018-12-07 10:42:43,058 - BrowserEngine - INFO - Open url: https://www.baidu.com
2018-12-07 10:42:43,060 - BrowserEngine - INFO - Set implicitly wait 10 seconds.
2018-12-07 10:42:43,101 - base_page - INFO - Had find the element '  ' successful by id via value: kw 
2018-12-07 10:42:43,350 - base_page - INFO - Had type ' selenium ' in inputBox
2018-12-07 10:42:43,398 - base_page - INFO - Had find the element '  ' successful by xpath via value: //*[@id='su'] 
2018-12-07 10:42:43,522 - base_page - INFO - The element '  ' was clicked.
2018-12-07 10:42:45,885 - base_page - INFO - 保存了一张截图到screenshots
2018-12-07 10:42:45,890 - base_page - INFO - Current page title is selenium_百度搜索
2018-12-07 10:42:45,895 - BrowserEngine - INFO - Now, Close and quit the browser.
2018-12-07 10:42:45,992 - BrowserEngine - INFO - browser.quit
2018-12-07 10:42:45,994 - BrowserEngine - INFO - You had select Chrome browser.
2018-12-07 10:42:45,995 - BrowserEngine - INFO - The test server url is: https://www.baidu.com
2018-12-07 10:42:48,413 - BrowserEngine - INFO - Starting Chrome browser.
2018-12-07 10:42:49,141 - BrowserEngine - INFO - Open url: https://www.baidu.com
2018-12-07 10:42:49,145 - BrowserEngine - INFO - Set implicitly wait 10 seconds.
2018-12-07 10:42:49,186 - base_page - INFO - Had find the element '  ' successful by id via value: kw 
2018-12-07 10:42:49,426 - base_page - INFO - Had type ' python ' in inputBox
2018-12-07 10:42:49,460 - base_page - INFO - Had find the element '  ' successful by xpath via value: //*[@id='su'] 
2018-12-07 10:42:49,565 - base_page - INFO - The element '  ' was clicked.
2018-12-07 10:42:51,902 - base_page - INFO - 保存了一张截图到screenshots
2018-12-07 10:42:51,902 - BrowserEngine - INFO - Now, Close and quit the browser.
2018-12-07 10:42:52,003 - BrowserEngine - INFO - browser.quit
